<?xml version="1.0" encoding="UTF-8"?>
<!-- Generated by org.testng.reporters.JUnitXMLReporter -->
<testsuite ignored="0" hostname="DESKTOP-K79FGMR" failures="0" tests="3" name="Test" time="21.071" errors="0" timestamp="2022-05-11T14:05:46 IST">
  <testcase classname="OrangeHrm.VerificationOfLogginErrorMessage" name="LoginErrorMesssage" time="9.623"/>
  <testcase classname="OrangeHrm.VerificationOfLogginErrorMessage" name="LoginErrorMesssage" time="2.225"/>
  <testcase classname="OrangeHrm.VerificationOfLogginErrorMessage" name="LoginErrorMesssage" time="1.914"/>
</testsuite> <!-- Test -->
